tester3
    description: Desktop Computer
    product: System Product Name (SKU)
    vendor: System manufacturer
    version: System Version
    serial: System Serial Number
    width: 64 bits
    capabilities: smbios-3.0 dmi-3.0 smp vsyscall32
    configuration: boot=normal chassis=desktop family=To be filled by O.E.M. sku=SKU uuid=3EDCC728-507D-AA51-518F-1831BF2B7101
  *-core
       description: Motherboard
       product: TUF Z370-PLUS GAMING
       vendor: ASUSTeK COMPUTER INC.
       physical id: 0
       version: Rev X.0x
       serial: 171115041702382
       slot: Default string
     *-firmware
          description: BIOS
          vendor: American Megatrends Inc.
          physical id: 0
          version: 0430
          date: 11/01/2017
          size: 64KiB
          capacity: 15MiB
          capabilities: pci apm upgrade shadowing cdboot bootselect socketedrom edd int13floppy1200 int13floppy720 int13floppy2880 int5printscreen int9keyboard int14serial int17printer acpi usb biosbootspecification uefi
     *-memory
          description: System Memory
          physical id: 43
          slot: System board or motherboard
          size: 8GiB
        *-bank:0
             description: [empty]
             physical id: 0
             slot: ChannelA-DIMM1
        *-bank:1
             description: DIMM DDR4 Synchronous Unbuffered (Unregistered) 2133 MHz (0.5 ns)
             product: 2666 C16 Series
             vendor: Patriot
             physical id: 1
             serial: 00000000
             slot: ChannelA-DIMM2
             size: 4GiB
             width: 64 bits
             clock: 2133MHz (0.5ns)
        *-bank:2
             description: [empty]
             physical id: 2
             slot: ChannelB-DIMM1
        *-bank:3
             description: DIMM DDR4 Synchronous Unbuffered (Unregistered) 2133 MHz (0.5 ns)
             product: 2666 C16 Series
             vendor: Patriot
             physical id: 3
             serial: 00000000
             slot: ChannelB-DIMM2
             size: 4GiB
             width: 64 bits
             clock: 2133MHz (0.5ns)
     *-cache:0
          description: L1 cache
          physical id: 49
          slot: L1 Cache
          size: 384KiB
          capacity: 384KiB
          capabilities: synchronous internal write-back unified
          configuration: level=1
     *-cache:1
          description: L2 cache
          physical id: 4a
          slot: L2 Cache
          size: 1536KiB
          capacity: 1536KiB
          capabilities: synchronous internal write-back unified
          configuration: level=2
     *-cache:2
          description: L3 cache
          physical id: 4b
          slot: L3 Cache
          size: 9MiB
          capacity: 9MiB
          capabilities: synchronous internal write-back unified
          configuration: level=3
     *-cpu
          description: CPU
          product: Intel(R) Core(TM) i5-8500 CPU @ 3.00GHz
          vendor: Intel Corp.
          physical id: 4c
          bus info: cpu@0
          version: Intel(R) Core(TM) i5-8500 CPU @ 3.00GHz
          serial: To Be Filled By O.E.M.
          slot: LGA1151
          size: 3946MHz
          capacity: 4005MHz
          width: 64 bits
          clock: 100MHz
          capabilities: x86-64 fpu fpu_exception wp vme de pse tsc msr pae mce cx8 apic sep mtrr pge mca cmov pat pse36 clflush dts acpi mmx fxsr sse sse2 ss ht tm pbe syscall nx pdpe1gb rdtscp constant_tsc art arch_perfmon pebs bts rep_good nopl xtopology nonstop_tsc cpuid aperfmperf tsc_known_freq pni pclmulqdq dtes64 monitor ds_cpl vmx smx est tm2 ssse3 sdbg fma cx16 xtpr pdcm pcid sse4_1 sse4_2 x2apic movbe popcnt tsc_deadline_timer aes xsave avx f16c rdrand lahf_lm abm 3dnowprefetch cpuid_fault invpcid_single pti ssbd ibrs ibpb stibp tpr_shadow vnmi flexpriority ept vpid fsgsbase tsc_adjust bmi1 hle avx2 smep bmi2 erms invpcid rtm mpx rdseed adx smap clflushopt intel_pt xsaveopt xsavec xgetbv1 xsaves dtherm ida arat pln pts hwp hwp_notify hwp_act_window hwp_epp md_clear flush_l1d cpufreq
          configuration: cores=6 enabledcores=6 threads=6
     *-pci
          description: Host bridge
          product: 8th Gen Core Processor Host Bridge/DRAM Registers
          vendor: Intel Corporation
          physical id: 100
          bus info: pci@0000:00:00.0
          version: 07
          width: 32 bits
          clock: 33MHz
          configuration: driver=skl_uncore
          resources: irq:0
        *-pci:0
             description: PCI bridge
             product: Xeon E3-1200 v5/E3-1500 v5/6th Gen Core Processor PCIe Controller (x16)
             vendor: Intel Corporation
             physical id: 1
             bus info: pci@0000:00:01.0
             version: 07
             width: 32 bits
             clock: 33MHz
             capabilities: pci pm msi pciexpress normal_decode bus_master cap_list
             configuration: driver=pcieport
             resources: irq:16 ioport:e000(size=4096) memory:f6000000-f70fffff ioport:e0000000(size=301989888)
           *-display
                description: VGA compatible controller
                product: GT218 [GeForce 8400 GS Rev. 3]
                vendor: NVIDIA Corporation
                physical id: 0
                bus info: pci@0000:01:00.0
                version: a2
                width: 64 bits
                clock: 33MHz
                capabilities: pm msi pciexpress vga_controller bus_master cap_list rom
                configuration: driver=nouveau latency=0
                resources: irq:130 memory:f6000000-f6ffffff memory:e0000000-efffffff memory:f0000000-f1ffffff ioport:e000(size=128) memory:f7000000-f707ffff
           *-multimedia
                description: Audio device
                product: High Definition Audio Controller
                vendor: NVIDIA Corporation
                physical id: 0.1
                bus info: pci@0000:01:00.1
                version: a1
                width: 32 bits
                clock: 33MHz
                capabilities: pm msi pciexpress bus_master cap_list
                configuration: driver=snd_hda_intel latency=0
                resources: irq:17 memory:f7080000-f7083fff
        *-display
             description: VGA compatible controller
             product: Intel Corporation
             vendor: Intel Corporation
             physical id: 2
             bus info: pci@0000:00:02.0
             version: 00
             width: 64 bits
             clock: 33MHz
             capabilities: pciexpress msi pm vga_controller bus_master cap_list rom
             configuration: driver=i915 latency=0
             resources: irq:132 memory:f5000000-f5ffffff memory:d0000000-dfffffff ioport:f000(size=64) memory:c0000-dffff
        *-usb
             description: USB controller
             product: 200 Series/Z370 Chipset Family USB 3.0 xHCI Controller
             vendor: Intel Corporation
             physical id: 14
             bus info: pci@0000:00:14.0
             version: 00
             width: 64 bits
             clock: 33MHz
             capabilities: pm msi xhci bus_master cap_list
             configuration: driver=xhci_hcd latency=0
             resources: irq:121 memory:f7230000-f723ffff
           *-usbhost:0
                product: xHCI Host Controller
                vendor: Linux 4.15.0-96-generic xhci-hcd
                physical id: 0
                bus info: usb@1
                logical name: usb1
                version: 4.15
                capabilities: usb-2.00
                configuration: driver=hub slots=16 speed=480Mbit/s
              *-usb:0
                   description: Keyboard
                   product: USB Keyboard
                   vendor: NOVATEK
                   physical id: 9
                   bus info: usb@1:9
                   version: 1.04
                   capabilities: usb-1.10
                   configuration: driver=usbhid maxpower=100mA speed=2Mbit/s
              *-usb:1
                   description: Mouse
                   product: USB Optical Mouse
                   vendor: Logitech
                   physical id: a
                   bus info: usb@1:a
                   version: 63.00
                   capabilities: usb-2.00
                   configuration: driver=usbhid maxpower=100mA speed=2Mbit/s
           *-usbhost:1
                product: xHCI Host Controller
                vendor: Linux 4.15.0-96-generic xhci-hcd
                physical id: 1
                bus info: usb@2
                logical name: usb2
                version: 4.15
                capabilities: usb-3.00
                configuration: driver=hub slots=10 speed=5000Mbit/s
        *-communication
             description: Communication controller
             product: 200 Series PCH CSME HECI #1
             vendor: Intel Corporation
             physical id: 16
             bus info: pci@0000:00:16.0
             version: 00
             width: 64 bits
             clock: 33MHz
             capabilities: pm msi bus_master cap_list
             configuration: driver=mei_me latency=0
             resources: irq:133 memory:f724d000-f724dfff
        *-storage
             description: SATA controller
             product: 200 Series PCH SATA controller [AHCI mode]
             vendor: Intel Corporation
             physical id: 17
             bus info: pci@0000:00:17.0
             version: 00
             width: 32 bits
             clock: 66MHz
             capabilities: storage msi pm ahci_1.0 bus_master cap_list
             configuration: driver=ahci latency=0
             resources: irq:129 memory:f7248000-f7249fff memory:f724c000-f724c0ff ioport:f090(size=8) ioport:f080(size=4) ioport:f060(size=32) memory:f724b000-f724b7ff
        *-pci:1
             description: PCI bridge
             product: 200 Series PCH PCI Express Root Port #17
             vendor: Intel Corporation
             physical id: 1b
             bus info: pci@0000:00:1b.0
             version: f0
             width: 32 bits
             clock: 33MHz
             capabilities: pci pciexpress msi pm normal_decode bus_master cap_list
             configuration: driver=pcieport
             resources: irq:16
        *-pci:2
             description: PCI bridge
             product: 200 Series PCH PCI Express Root Port #1
             vendor: Intel Corporation
             physical id: 1c
             bus info: pci@0000:00:1c.0
             version: f0
             width: 32 bits
             clock: 33MHz
             capabilities: pci pciexpress msi pm normal_decode bus_master cap_list
             configuration: driver=pcieport
             resources: irq:16
        *-pci:3
             description: PCI bridge
             product: 200 Series PCH PCI Express Root Port #3
             vendor: Intel Corporation
             physical id: 1c.2
             bus info: pci@0000:00:1c.2
             version: f0
             width: 32 bits
             clock: 33MHz
             capabilities: pci pciexpress msi pm normal_decode bus_master cap_list
             configuration: driver=pcieport
             resources: irq:120 memory:f7100000-f71fffff
           *-usb
                description: USB controller
                product: ASM1142 USB 3.1 Host Controller
                vendor: ASMedia Technology Inc.
                physical id: 0
                bus info: pci@0000:04:00.0
                version: 00
                width: 64 bits
                clock: 33MHz
                capabilities: msi msix pm pciexpress xhci bus_master cap_list
                configuration: driver=xhci_hcd latency=0
                resources: irq:18 memory:f7100000-f7107fff
              *-usbhost:0
                   product: xHCI Host Controller
                   vendor: Linux 4.15.0-96-generic xhci-hcd
                   physical id: 0
                   bus info: usb@3
                   logical name: usb3
                   version: 4.15
                   capabilities: usb-2.00
                   configuration: driver=hub slots=2 speed=480Mbit/s
              *-usbhost:1
                   product: xHCI Host Controller
                   vendor: Linux 4.15.0-96-generic xhci-hcd
                   physical id: 1
                   bus info: usb@4
                   logical name: usb4
                   version: 4.15
                   capabilities: usb-3.10
                   configuration: driver=hub slots=2 speed=10000Mbit/s
        *-pci:4
             description: PCI bridge
             product: 200 Series PCH PCI Express Root Port #9
             vendor: Intel Corporation
             physical id: 1d
             bus info: pci@0000:00:1d.0
             version: f0
             width: 32 bits
             clock: 33MHz
             capabilities: pci pciexpress msi pm normal_decode bus_master cap_list
             configuration: driver=pcieport
             resources: irq:16 ioport:2000(size=4096) memory:b8000000-b81fffff ioport:b8200000(size=2097152)
        *-isa
             description: ISA bridge
             product: Z370 Chipset LPC/eSPI Controller
             vendor: Intel Corporation
             physical id: 1f
             bus info: pci@0000:00:1f.0
             version: 00
             width: 32 bits
             clock: 33MHz
             capabilities: isa bus_master
             configuration: latency=0
        *-memory UNCLAIMED
             description: Memory controller
             product: 200 Series/Z370 Chipset Family Power Management Controller
             vendor: Intel Corporation
             physical id: 1f.2
             bus info: pci@0000:00:1f.2
             version: 00
             width: 32 bits
             clock: 33MHz (30.3ns)
             configuration: latency=0
             resources: memory:f7244000-f7247fff
        *-multimedia
             description: Audio device
             product: 200 Series PCH HD Audio
             vendor: Intel Corporation
             physical id: 1f.3
             bus info: pci@0000:00:1f.3
             version: 00
             width: 64 bits
             clock: 33MHz
             capabilities: pm msi bus_master cap_list
             configuration: driver=snd_hda_intel latency=32
             resources: irq:134 memory:f7240000-f7243fff memory:f7220000-f722ffff
        *-serial UNCLAIMED
             description: SMBus
             product: 200 Series/Z370 Chipset Family SMBus Controller
             vendor: Intel Corporation
             physical id: 1f.4
             bus info: pci@0000:00:1f.4
             version: 00
             width: 64 bits
             clock: 33MHz
             configuration: latency=0
             resources: memory:f724a000-f724a0ff ioport:f040(size=32)
        *-network
             description: Ethernet interface
             product: Ethernet Connection (2) I219-V
             vendor: Intel Corporation
             physical id: 1f.6
             bus info: pci@0000:00:1f.6
             logical name: enp0s31f6
             version: 00
             serial: 18:31:bf:2b:71:01
             size: 1Gbit/s
             capacity: 1Gbit/s
             width: 32 bits
             clock: 33MHz
             capabilities: pm msi bus_master cap_list ethernet physical tp 10bt 10bt-fd 100bt 100bt-fd 1000bt-fd autonegotiation
             configuration: autonegotiation=on broadcast=yes driver=e1000e driverversion=3.2.6-k duplex=full firmware=0.2-4 ip=192.168.0.195 latency=0 link=yes multicast=yes port=twisted pair speed=1Gbit/s
             resources: irq:131 memory:f7200000-f721ffff
     *-scsi
          physical id: 1
          logical name: scsi4
          capabilities: emulated
        *-disk
             description: ATA Disk
             product: TOSHIBA HDWD105
             vendor: Western Digital
             physical id: 0.0.0
             bus info: scsi@4:0.0.0
             logical name: /dev/sda
             version: A8J0
             serial: 77BBN84BS
             size: 465GiB (500GB)
             capabilities: gpt-1.00 partitioned partitioned:gpt
             configuration: ansiversion=5 guid=589d61af-958f-499d-8e87-9c303af620d2 logicalsectorsize=512 sectorsize=4096
           *-volume:0 UNCLAIMED
                description: Windows FAT volume
                vendor: mkfs.fat
                physical id: 1
                bus info: scsi@4:0.0.0,1
                version: FAT32
                serial: d094-505b
                size: 510MiB
                capacity: 511MiB
                capabilities: boot fat initialized
                configuration: FATs=2 filesystem=fat
           *-volume:1
                description: EXT4 volume
                vendor: Linux
                physical id: 2
                bus info: scsi@4:0.0.0,2
                logical name: /dev/sda2
                logical name: /
                version: 1.0
                serial: da05b869-4392-4d3c-a839-f989f66229d4
                size: 465GiB
                capabilities: journaled extended_attributes large_files huge_files dir_nlink recover 64bit extents ext4 ext2 initialized
                configuration: created=2020-04-08 23:23:58 filesystem=ext4 lastmountpoint=/ modified=2020-04-08 23:30:00 mount.fstype=ext4 mount.options=rw,relatime,data=ordered mounted=2020-04-09 18:58:13 state=mounted
  *-power UNCLAIMED
       description: To Be Filled By O.E.M.
       product: To Be Filled By O.E.M.
       vendor: To Be Filled By O.E.M.
       physical id: 1
       version: To Be Filled By O.E.M.
       serial: To Be Filled By O.E.M.
       capacity: 32768mWh
  *-network:0
       description: Ethernet interface
       physical id: 2
       logical name: virbr0
       serial: 52:54:00:60:1f:f6
       capabilities: ethernet physical
       configuration: broadcast=yes driver=bridge driverversion=2.3 firmware=N/A ip=192.168.122.1 link=no multicast=yes
  *-network:1 DISABLED
       description: Ethernet interface
       physical id: 3
       logical name: virbr0-nic
       serial: 52:54:00:60:1f:f6
       size: 10Mbit/s
       capabilities: ethernet physical
       configuration: autonegotiation=off broadcast=yes driver=tun driverversion=1.6 duplex=full link=no multicast=yes port=twisted pair speed=10Mbit/s
